                                                                                                                                                                         01111111111110111111101111111111
01111111111111111111110111111010
11110111111111111111101111111111
11110111111111111011100111111111
                                                                                                                                                                                      01111111111111111111100111111111
01111101110111111111110111011110
11101111111111111111101111111111
11111111111011111111100111111111
                                                                                                                                                                                                                                          01111111111111111110101011011111
11111111111111111110110011110111
11111111111111110100101111111111
11110111111101111111100011111111
                                                                                                                                                                                                                01101111110111111111101111111111
00111111111111111111100111111111
11111111110111111110100111011111
11111111111111111111100111111110
                                                                                                                                                                                                                                                       01111111111111011111101111110111
00011111110110111111110011111011
11111100111111111111100111111111
11111111111111111111100111101111
                                                                                                                                                                                                                                                       01111111111111111111101111111011
01110110111111011111100011101111
11111111111011101111101111111111
11111110111111101111000111111111
                                                                                                                                                                                                                                          01111111110111111011101111111111
01010011111110111011110101111111
11001111111111111111100111111111
11111111111111111111100111111111
                                                                                                                                                                                                                01111111111101111111101111111101
00111111110111111111110011111111
11111111101110111111100111111111
11111111111111111101100111111111
                                                                                                                                                                                                                01111111111110111101100111111111
11111111111111111111110111011111
11111111111111111011001111111100
10111111111110111111100111111111
                                                                                                                                                                                                                             01111111111110111111101111111111
11111111111011011101110011111101
11011111111111111111100111111111
10011011111111111111100111111111
                                                                                                                                                                         01110011110111111111101111111111
01110111111111111101110111111111
11111111111111111111101111111111
11111111111111111111100111101111
                                                                                                                                                                                                                                          01101111011111111101101111111111
00111111111111111111110111101111
01111111110101011111100111111111
11111111111111111111100011111111
                                                                                                                                                                                      01111101011111111111101111111111
10111111111111111111110111011100
11111111101111011111101111111111
11111111111111111111100111111111
                                                                                                                                               01111111111111011111101111111111
01111111111111111111110111111111
11111111111111111111101110111111
11111110111110111111100111111111
                                                                                                                                                                         01110111111111111111001111111111
10111111111111111111110111111101
11111111111111111111101101111111
11111111011111111111100111101111
                                                                                                                                                                                                                11111110011111111111101111111111
00111111111111111111100111111111
11111111110111111111100111110111
10111111111111111111100010111111
                                                                                                                                                                                                                             01111111111111111110100101111111
01101111011101111111110111111111
11111111111111111111101011111111
11111101111111111111100111110101
                                                                                                                                                                                                   11111111011111111011101111111111
00111111111111111111110011111111
10111111111111111111101111111111
11111011111111111110000101111111
                                                                                                                                                            01111111111111111111101111011111
10111111111111111111110101111111
11111111101111111111101111111111
11111110111110111111100111111111
                                                                                                                                                                                                                11111111111111110111101111101111
10111011111110111111110111111011
11111111011111111111100111111111
01111111110111111111100110111111
                                                                                                                                                                         01111111110111111111101111111111
11111111001111111111110111111111
11111111111111111111000111011111
11111111111111111111100111111110
                                                                                                                                                                                                                                          01111111111111110011101111111111
00111111111110111111110111111100
11110111111111111111101111111101
11011101111111101111100111111111
                                                                                                                                                                                                                             01111111111111111110101101111111
01101111111010111111110111111111
11111111111111111111101111111010
11110111111111111110100111111101
                                                                                                                                               01111111111111111111101111111111
01111111111111111111110111111111
11111111111011111111001111011101
11111111111111111111100111111111
                                                                                                                                                                                                   01111111101111111110100111111111
01011111111111110111110111111111
10111111111111111111100011111111
11111111111111111111100111111111
                                                                                                                                                                                                                                                                    01111111101111111111100111111111
00111111101111111111110111111111
11111010111111111111100111110111
11101111011111111101100111011011
                                                                                                                                                                                                                11111111111111110111101111100111
01111111111111111111110011111111
11110101101111110111101111110111
11111111111111111111100011111111
                                                                                                                                                                         01111111111111111111001111111111
11111111111111101111110011111111
11111111111111111111100101110111
01111111111111111111100111111111
                                                                                                                                                                                                                01111111110111111111101111111111
10111111110111011111110101111111
11111111110111111111100111111111
01111111111111111011100111111011
                                                                                                                                                                                                                01111111011111111111101111111111
10111101111111111111110001111110
11111101111111111111100111111111
01101111111111111111100111111111
                                                                                                                                                                                      01111111111111111111101111111111
10011111111111111111110111101111
11111111111111111111100111111111
01111111111111111111100001111110
                                                                                                                                                                                                                                                                    01111111111111111111001111111101
10111111111011111111110111110101
11111010111111011111100111111111
01111111111111110111100110111101
                                                                                                                                               01111111011111111111101111111111
10111111111111111111010111111111
11111111111111111111100111111111
01111111111111111111100111111111
                                                                                                                                                                                      01111111111111111111101111111111
10111111110111111111110011111110
11111111111111111111100111111111
01111110111111111111100101111111
                                                                                                                                                                                                                                          01111111111110111111101111111111
10111111111111111111110111101111
11011111111011101101100101111100
01111111111111111111100111111111
                                                                                                                                                                                                                01111111111111101111100111111111
10111111110111111011110111101111
11111101111111111111100111111110
01111111111111111111100111111111
                                                                                                                                                                                                                                                                    01110111011111111111101111111111
10111111101100111111110011110111
11111111111111111111100111111111
01111111111110111010100101111111
                                                                                                                                                                                                                                          01111111111111111111101011111111
10111110110111111111110111111111
01110111111111111010100111111111
01111111111111011111100111101111
                                                                                                                                                                         01101111111111111111101111101111
10111111111111111111110011111111
11111111111111111111100111110111
01111111111111111111100111111111
                                                                                                                                                                                                                             01101111110111111111101111111111
10111111111111111111110111111101
01111111111111110111100111111111
01111111111011111111100111111100
                                                                                                                                                                                                                                                       01011111111111011111101111111111
10111111111011011111110011111011
11111111111111111101100011111111
00111111101111111111100111111111
                                                                                                                                                                         01111111111111111111101111111111
11111111111111111111110011111111
01111111111111011111100111111110
01111111111111111101100111111111
                                                                                                                                                            01111111011111111111101111111111
10111111111111111111110111101111
11111111111011111111100111111111
01111111111111111111100111111111
                                                                                                                                                                                                                                                                    01111111011111111111101011101111
10101111111100111110110111111111
11111111101111111111100111111111
01111111111111110111100101111011
                                                                                                                                                                                                                01111111111101111111101111111111
00111111111111111111110011111111
11111111111111111101100111011111
01101111011111111111100111111111
                                                                                                                                                                                                                                                                    01111111111111111111101111111011
10101111111111101111110011111111
11100111111111011111100111111111
00011111111111011111100111011111
                                                                                                                                                                                                                             01111111111111101111101111111111
10101111111101111111110111111111
11111111111011110111100111111101
01101111111111111111100110111111
                                                                                                                                                                                      01111111101111111111101111111111
10111111011111111111110111111111
01111111111111110111100111111111
01111111111101111111100111111111
                                                                                                                                                                                                                                                       01111111111111111111101111111111
10111111111111111101110011110110
01111111111111101111100111011011
01111011111111111111100110111111
                                                                                                                                                                                                   01111110111111111111001110111111
10111111111101111111110111111111
11111111111111111111100111111111
01011111111111111111100111111101
                                                                                                                                                                         01111111111111111111100110111111
10111111111111111111110111111111
10111111111111111110100111111111
01111111111111111111100111111111
                                                                                                                                                                                                                                          01111111111111011011101111111111
10101011111111111111110011111111
11111111111111101111100111111111
01111011111111101111100111011111
                                                                                                                                                                                                   01111111111111111111101111111111
10111111111111111111100101111111
11111111101111111111100111011111
01111110111111111111000111111111
                                                                                                                                                                                                                01111111111111101111101111111111
10111111111011111101110011111111
11111111111101111111100111111111
01111111111111111111100111010111
                                                                                                                                                                                                   01111111111111111111101111111101
00111111111111111111110111111111
11111111111101111110100111111111
01111111111111111110100011111111
                                                                                                                                                                                                                                                                                 00111111111111111111100011111111
10111111111111101111110110111110
11111111111101011111100111111111
01111111101111111111100011111010
                                                                                                                                                                                                   00110111111111111111101101111111
10111111111111111111110111111111
11111111101111111111100111111111
01111101111110111111100111111111
                                                                                                                                                                                                                                          01111111101111111111101111001111
10111111111111111111110011111111
11110111111010011111100111111111
00111111111111111111100111111111
                                                                                                                                                                                                   01111111111111111101100111111111
10111111111111111111110011111111
11111111011011111111100110111111
01111111111111111111100111111111
                                                                                                                                                                                                                                                                    01111111111111011111101110111110
00111111011111111111010011111111
01111111111110111111100111101111
01111111111111111111100110111111
                                                                                                                                                                                                                             01111111111111110111101111111111
10111111111111110100110011111111
11011111101111111111100111111111
01111111111111111111100111110111
                                                                                                                                                                                      01111111111111111011101111011111
10111111111111111111010101111111
11111111111111111111000111111111
01111111111111111111100111111111
                                                                                                                                                                                                                                                                                 01111110111111111111101111111011
10111111111111111111110110110111
01101111111111101101100111111111
01111101111111111111100011001111
                                                                                                                                                                         01111111111101111111101111111111
10111111111111111111110111111110
11111111111111110111100111111111
01111111101111111111100111111111
                                                                                                                                                                                                                                          01111111101111111111100111111101
00111111111111111111110111111110
01110111111111111111100111111111
01111111111110111111100111111110
                                                                                                                                                                                                                00111101111111111111101111111111
00111111111111111111110011111111
11111111111111111111100111111111
01111111111111111111100110010111
                                                                                                                                                            01111111111111111111101111111111
10101111111111111111010111111111
11111111111111111111100111111111
01111111111111111011100111111111
                                                                                                                                                                                                   01111111111111111111101111111111
11011111111111101111110011111111
11111111111111111111000111111101
01010111111111111111100111111111
                                                                                                                                                                                                                01111111111111111111101111111111
10111111111111101111110011101111
11011101111111111111100011111111
01111110111111111111100111111111
                                                                                                                                                                                                                             01111111111111111111101111111111
10101011111111111111110110111111
11011101111101111111100111100111
01111111111111111111100111111111
                                                                                                                                                                                                                             01111111111111111111101111111111
10111111111111111011110111111101
11111111111111101011100111011111
01101111110111111111000111111111
                                                                                                                                                                                      01011111111111111111101111111110
10111111111111111110110100111111
11111111111111111111100111111111
01111111111111111111100111111111
                                                                                                                                                                                                                                                       01111111101111111111101111111111
10111111011111011110110011111111
11111111111111111111100111111111
01011111111101101011100111111110
                                                                                                                                                                                                                             01111111111111011111100011111111
10111111111111111111110111111111
11110111111101101111100110111111
01111111111111111111100101111111
                                                                                                                                                                                                                                                                    01101111111111111111101111011111
10111111101111111111100011111111
11011110111111111011100111111111
01111111111111111010100111111011
                                                                                                                                                                                                                             01111111111111111111100011111111
10111111111111110111110011111111
11111111111111111110100111111111
01110111111111110111000111111111
                                                                                                                                                                                                                             01111111111101111101101111111111
10111111111111101111110011111101
01111111111111111111100111110111
01111111111111101111100111111111
                                                                                                                                                                                                                01111111111101111111101111111111
00111111111111111111100111101101
11010111111111111111100111111111
01111111111111111111100111111111
                                                                                                                                                                                                                                                                    01111111111101111111001110011111
11101111111111110111110011111111
11111101110111110111100110111111
01111111011111111111100111111111
                                                                                                                                                            01111111111111111111001111111111
10111111111111101111110011111111
11111111111111111111100111111111
01111111111111111111100111111111
                                                                                                                                                                                                   01111111111111111111101111111101
10111111111111110111110111110111
11111011111111111111100111111111
01110111111111111011100111111111
                                                                                                                                                                                                                             01111111111111110110100111111111
10111111011111111011110111111111
11111111111101111111100111111111
01111111111111110111100111101111
                                                                                                                                                                                                                             01111111111101111111101110110111
11111111111111111111110011111111
01110111111111111111100111111111
01111111111101101111100111011111
                                                                                                                                                                                                                                                                                 01111111111011111111101111100111
10101111111111111111110111111111
11111111111111100111100111101111
01110111001011111110100111111111
                                                                                                                                                                                                                                          01111011101111111111101111111111
10111101110111111111110111111111
11111111111111110111100111111111
01111011011111110111000111111111
                                                                                                                                                                                                                01111111111110111111101111111111
00111111101111101111110111111111
01111111111111011111100111111111
01111111111111111101100111111111
                                                                                                                                                                                                   01111111010111111111101111111111
10111111111111111111110111111111
11101111111111110101100111111111
01110111111111111111100111111111
                                                                                                                                                                                                                                                                    01111111111111111111101111101111
10111111011111111111110010011111
10111111111011111111100110111011
01111011111111111101100111111111
                                                                                                                                                                                                                             01111111111111111111101111111111
00101111111111111111110101101111
10111010111111111111100111111111
01111111111111111111100111111101
                                                                                                                                                                                                                             01110111111111111111001111111110
10101110111111111111010111111111
11111111111111111111100111111111
01111111111111111110100111111011
                                                                                                                                                                                                   01111111111111111110101111101111
10111111111111111111110111111111
11111111011111110111100111111111
01111111111111110111000111111111
                                                                                                                                                                                      01111111111111111011101111111111
10111111111111111111110011111111
11111111111111111111100111111111
01111111111111111110100110101111
                                                                                                                                                                                                   01111111111111110111101111111111
10111111111111111111110011111111
11011111111111111011100111111111
01111111111111111111100111010111
                                                                                                                                                                         01111111111111111111101111111111
10111111111111111111110011111111
11111111111111110111100111111011
01111111111101111111100111111111
                                                                                                                                                                                      01111111111111111111101111101111
10111111111011111111010111111111
11111111111111111111100111111111
01111111111111111111100111111100
                                                                                                                                                                                                                01111111111101111111101111111111
10111111111011111101110111011101
01111111111111111011100111111111
01111111111111111111100111111111
                                                                                                                                                                                                                01111111111111111011101111111101
10111111111110111111110111111111
11110111111111111111100111111110
01111111111101111111100011111111
                                                                                                                                                                                                                                                                                 01111111111011111111101111101111
10111111111101111110110111111101
01001111111111111111100111111110
01111111111111110111100101101111
                                                                                                                                                                                                   01111111111111111111100111111111
10111111111111110111110111111101
11101111101111111111100111111111
01111111101111111111100111111111
                                                                                                                                                                                                                                                                    01111111001111111111101111111111
10111101111111111111110011101011
11111111111011110111100111111110
01111011111111111111100101111111
                                                                                                                                                                                                                             01111111111111111111101111111111
10111111111111111111110111110111
11011111111101111111100111111110
01110111110111111111000110111111
                                                                                                                                                                                                                             01111111111011011111101111111111
10101111111111111111000111111111
11111111111111111111100111111111
01101111101110111111100111111111
                                                                                                                                                                         01111101111111111111101111111111
10111111011111111111110111111111
11111111111111111111100111111111
01111111111011111111100111111011
                                                                                                                                                                                                   01111111111111111111101011111111
10111111111110111111110111011111
01111111111111110111100111111111
01111111111011111111100111111111
                                                                                                                                                                                                                                                                    01111001111111111111101111111111
10111111010111110111110111101111
11011011111111111111100111111111
01111111111110111011100111101111
                                                                                                                                                                                                                                          01111111111111111111101111111111
10111111111111111101110011111111
11111111111111110111100111111011
01011111111111111101100111100011
                                                                                                                                                                                                                             01101111111111111111101111111111
10011101111111111111110111111111
11111110111111111101100111111111
01111011111111111111000111011111
                                                                                                                                                            00111111111111111111101111111111
10111111111111111111110111111111
11111111111111111111100111111111
01101111111111111111000111111111
                                                                                                                                                                                                                                                                                                                                     01010111111111111111101111111111
10111101111111111111110111011111
11111111101101010011100101111101
01101111100111110111100101111111
                                                                                                                                                                                                                                          01111111111111111111101111111111
10011111111111111101110111111111
00111111011111110111100111111111
01101110111111111111100111111110
                                                                                                                                                                                                                01111111111010111111101111111111
10111111111111111111100111111111
11111111011111110110100111111111
01111111111111111111100111111101
                                                                                                                                                            01111111111111111111101101111111
10111111111111111111110111111111
11111111111111111111100101111111
01111111111111110111100111111111
                                                                                                                                                                                                                                                       01110111111111001111101111111111
10111111111111111111110111101111
11111111111101101101100111011111
01110101111111111111100111111111
                                                                                                                                                                                                                             01111111111111111110101110111111
10111111111111111111110111011111
01111111111111111110100101111111
01011111111111111101100111111111
                                                                                                                                               01111111111111111111101111111111
10111111111111111111110010111111
11111111111111111111100111111111
01111111111111111111100111111111
                                                                                                                                                                                                                                          01111011111111111111101111111110
10111111111111111111010011010111
11110111111111011111100111111110
01111111111111111111100111111111
                                                                                                                                                                         01111111111011111111101111111111
10111111111111111111110111111111
11110111111111111111100111111111
01111011111111111111100111110111
